<?xml version="1.0" encoding="UTF-8"?>
<testsuite xmlns:xsi="http://www.w3.org/2001/XMLSchema-instance" xsi:noNamespaceSchemaLocation="https://maven.apache.org/surefire/maven-surefire-plugin/xsd/surefire-test-report-3.0.xsd" version="3.0" name="com.learming.vs.learning.LearningApplicationTests" time="6.857" tests="1" errors="0" skipped="0" failures="0">
  <properties>
[...]
</properties>
  <testcase name="contextLoads" classname="com.learming.vs.learning.LearningApplicationTests" time="1.871">
    <system-out><![CDATA[15:40:20.730 [main] INFO org.springframework.test.context.support.AnnotationConfigContextLoaderUtils -- Could not detect default configuration classes for test class [com.learming.vs.learning.LearningApplicationTests]: LearningApplicationTests does not declare any static, non-private, non-final, nested classes annotated with @Configuration.
15:40:20.953 [main] INFO org.springframework.boot.test.context.SpringBootTestContextBootstrapper -- Found @SpringBootConfiguration com.learming.vs.learning.LearningApplication for test class com.learming.vs.learning.LearningApplicationTests
15:40:21.324 [main] INFO org.springframework.boot.devtools.restart.RestartApplicationListener -- Restart disabled due to context in which it is running

  .   ____          _            __ _ _
 /\\ / ___'_ __ _ _(_)_ __  __ _ \ \ \ \
( ( )\___ | '_ | '_| | '_ \/ _` | \ \ \ \
 \\/  ___)| |_)| | | | | || (_| |  ) ) ) )
  '  |____| .__|_| |_|_| |_\__, | / / / /
 =========|_|==============|___/=/_/_/_/
 :: Spring Boot ::                (v3.2.0)

2023-12-12T15:40:21.937+05:30  INFO 9660 --- [           main] c.l.v.learning.LearningApplicationTests  : Starting LearningApplicationTests using Java 18.0.2.1 with PID 9660 (started by ahire in C:\Users\ahire\OneDrive\Desktop\spring\learning)
2023-12-12T15:40:21.937+05:30  INFO 9660 --- [           main] c.l.v.learning.LearningApplicationTests  : No active profile set, falling back to 1 default profile: "default"
2023-12-12T15:40:25.114+05:30  INFO 9660 --- [           main] o.s.b.a.e.web.EndpointLinksResolver      : Exposing 1 endpoint(s) beneath base path '/actuator'
2023-12-12T15:40:25.216+05:30  INFO 9660 --- [           main] c.l.v.learning.LearningApplicationTests  : Started LearningApplicationTests in 3.923 seconds (process running for 5.704)
]]></system-out>
  </testcase>
</testsuite>